<!DOCTYPE html PUBLIC "-//W3C//DTD XHTML 1.1//EN" "https://www.w3.org/TR/xhtml11/DTD/xhtml11.dtd">
<html xmlns="https://www.w3.org/1999/xhtml">
<head>
<meta http-equiv="content-type" content="text/html; charset=UTF-8"/>
<title>TestNG Report</title>
<style type="text/css">table {margin-bottom:10px;border-collapse:collapse;empty-cells:show}th,td {border:1px solid #009;padding:.25em .5em}th {vertical-align:bottom}td {vertical-align:top}table a {font-weight:bold}.stripe td {background-color: #E6EBF9}.num {text-align:right}.passedodd td {background-color: #3F3}.passedeven td {background-color: #0A0}.skippedodd td {background-color: #DDD}.skippedeven td {background-color: #CCC}.failedodd td,.attn {background-color: #F33}.failedeven td,.stripe .attn {background-color: #D00}.stacktrace {white-space:pre;font-family:monospace}.totop {font-size:85%;text-align:center;border-bottom:2px solid #000}.invisible {display:none}</style>
</head>
<body>
<table>
<tr><th>Test</th><th># Passed</th><th># Skipped</th><th># Retried</th><th># Failed</th><th>Time (ms)</th><th>Included Groups</th><th>Excluded Groups</th></tr>
<tr><th colspan="8">Final Project Suite</th></tr>
<tr><td><a href="#t0">Login Tests</a></td><td class="num">3</td><td class="num">0</td><td class="num">0</td><td class="num">0</td><td class="num">10 880</td><td></td><td></td></tr>
<tr class="stripe"><td><a href="#t1">Users Tests</a></td><td class="num">2</td><td class="num">0</td><td class="num">0</td><td class="num attn">2</td><td class="num">14 496</td><td></td><td></td></tr>
<tr><td><a href="#t2">Passwords Test</a></td><td class="num">1</td><td class="num">0</td><td class="num">0</td><td class="num attn">5</td><td class="num">20 091</td><td></td><td></td></tr>
<tr class="stripe"><td><a href="#t3">Products Tests</a></td><td class="num">1</td><td class="num">0</td><td class="num">0</td><td class="num attn">2</td><td class="num">11 806</td><td></td><td></td></tr>
<tr><th>Total</th><th class="num">7</th><th class="num">0</th><th class="num">0</th><th class="num attn">9</th><th class="num">57 273</th><th colspan="2"></th></tr>
</table>
<table id='summary'><thead><tr><th>Class</th><th>Method</th><th>Start</th><th>Time (ms)</th></tr></thead><tbody><tr><th colspan="4">Final Project Suite</th></tr></tbody><tbody id="t0"><tr><th colspan="4">Login Tests &#8212; passed</th></tr><tr class="passedeven"><td rowspan="3">LoginTests</td><td><a href="#m0">validLogin</a></td><td rowspan="1">1651674907555</td><td rowspan="1">882</td></tr><tr class="passedeven"><td><a href="#m1">wrongPassword</a></td><td rowspan="1">1651674910869</td><td rowspan="1">879</td></tr><tr class="passedeven"><td><a href="#m2">wrongUser</a></td><td rowspan="1">1651674914185</td><td rowspan="1">875</td></tr></tbody>
<tbody id="t1"><tr><th colspan="4">Users Tests &#8212; failed</th></tr><tr class="failedeven"><td rowspan="2">UsersLengthTest</td><td><a href="#m3">emptyUserName</a></td><td rowspan="1">1651674917789</td><td rowspan="1">945</td></tr><tr class="failedeven"><td><a href="#m4">largestUserTest</a></td><td rowspan="1">1651674921480</td><td rowspan="1">939</td></tr><tr><th colspan="4">Users Tests &#8212; passed</th></tr><tr class="passedeven"><td rowspan="2">UsersLengthTest</td><td><a href="#m5">valid29LengthUserName</a></td><td rowspan="1">1651674925365</td><td rowspan="1">929</td></tr><tr class="passedeven"><td><a href="#m6">valid30LengthUserName</a></td><td rowspan="1">1651674928649</td><td rowspan="1">936</td></tr></tbody>
<tbody id="t2"><tr><th colspan="4">Passwords Test &#8212; failed</th></tr><tr class="failedeven"><td rowspan="5">PasswordTests</td><td><a href="#m7">lettersOnlyPassword</a></td><td rowspan="1">1651674932073</td><td rowspan="1">906</td></tr><tr class="failedeven"><td><a href="#m8">lowerCaseNumbersPassword</a></td><td rowspan="1">1651674935339</td><td rowspan="1">956</td></tr><tr class="failedeven"><td><a href="#m9">numbersOnlyPassword</a></td><td rowspan="1">1651674938571</td><td rowspan="1">943</td></tr><tr class="failedeven"><td><a href="#m10">passwordInvalidLength</a></td><td rowspan="1">1651674941697</td><td rowspan="1">899</td></tr><tr class="failedeven"><td><a href="#m11">upperCaseNumbersPassword</a></td><td rowspan="1">1651674944950</td><td rowspan="1">1597</td></tr><tr><th colspan="4">Passwords Test &#8212; passed</th></tr><tr class="passedeven"><td rowspan="1">PasswordTests</td><td><a href="#m12">validPassword</a></td><td rowspan="1">1651674948899</td><td rowspan="1">882</td></tr></tbody>
<tbody id="t3"><tr><th colspan="4">Products Tests &#8212; failed</th></tr><tr class="failedeven"><td rowspan="2">ProductTests</td><td><a href="#m13">emptyProductDecription</a></td><td rowspan="1">1651674952354</td><td rowspan="1">1422</td></tr><tr class="failedeven"><td><a href="#m14">emptyProductName</a></td><td rowspan="1">1651674956216</td><td rowspan="1">1473</td></tr><tr><th colspan="4">Products Tests &#8212; passed</th></tr><tr class="passedeven"><td rowspan="1">ProductTests</td><td><a href="#m15">validNewProduct</a></td><td rowspan="1">1651674960150</td><td rowspan="1">1454</td></tr></tbody>
</table>
<h2>Login Tests</h2><h3 id="m0">LoginTests#validLogin</h3><table class="result"><tr><th class="invisible"/></tr></table><p class="totop"><a href="#summary">back to summary</a></p>
<h3 id="m1">LoginTests#wrongPassword</h3><table class="result"><tr><th class="invisible"/></tr></table><p class="totop"><a href="#summary">back to summary</a></p>
<h3 id="m2">LoginTests#wrongUser</h3><table class="result"><tr><th class="invisible"/></tr></table><p class="totop"><a href="#summary">back to summary</a></p>
<h2>Users Tests</h2><h3 id="m3">UsersLengthTest#emptyUserName</h3><table class="result"><tr><th>Exception</th></tr><tr><td><div class="stacktrace">java.lang.AssertionError: did not expect [Usuario registrado] but found [Usuario registrado]
	at UsersLengthTest.emptyUserName(UsersLengthTest.java:101)
	at java.base/java.util.ArrayList.forEach(ArrayList.java:1511)
	at Start.main(Start.java:14)
... Removed 29 stack frames</div></td></tr></table><p class="totop"><a href="#summary">back to summary</a></p>
<h3 id="m4">UsersLengthTest#largestUserTest</h3><table class="result"><tr><th>Exception</th></tr><tr><td><div class="stacktrace">java.lang.AssertionError: did not expect [Usuario registrado] but found [Usuario registrado]
	at UsersLengthTest.largestUserTest(UsersLengthTest.java:46)
	at java.base/java.util.ArrayList.forEach(ArrayList.java:1511)
	at Start.main(Start.java:14)
... Removed 29 stack frames</div></td></tr></table><p class="totop"><a href="#summary">back to summary</a></p>
<h3 id="m5">UsersLengthTest#valid29LengthUserName</h3><table class="result"><tr><th class="invisible"/></tr></table><p class="totop"><a href="#summary">back to summary</a></p>
<h3 id="m6">UsersLengthTest#valid30LengthUserName</h3><table class="result"><tr><th class="invisible"/></tr></table><p class="totop"><a href="#summary">back to summary</a></p>
<h2>Passwords Test</h2><h3 id="m7">PasswordTests#lettersOnlyPassword</h3><table class="result"><tr><th>Exception</th></tr><tr><td><div class="stacktrace">java.lang.AssertionError: did not expect [Usuario registrado] but found [Usuario registrado]
	at PasswordTests.lettersOnlyPassword(PasswordTests.java:121)
	at java.base/java.util.ArrayList.forEach(ArrayList.java:1511)
	at Start.main(Start.java:14)
... Removed 29 stack frames</div></td></tr></table><p class="totop"><a href="#summary">back to summary</a></p>
<h3 id="m8">PasswordTests#lowerCaseNumbersPassword</h3><table class="result"><tr><th>Exception</th></tr><tr><td><div class="stacktrace">java.lang.AssertionError: did not expect [Usuario registrado] but found [Usuario registrado]
	at PasswordTests.lowerCaseNumbersPassword(PasswordTests.java:103)
	at java.base/java.util.ArrayList.forEach(ArrayList.java:1511)
	at Start.main(Start.java:14)
... Removed 29 stack frames</div></td></tr></table><p class="totop"><a href="#summary">back to summary</a></p>
<h3 id="m9">PasswordTests#numbersOnlyPassword</h3><table class="result"><tr><th>Exception</th></tr><tr><td><div class="stacktrace">java.lang.AssertionError: did not expect [Usuario registrado] but found [Usuario registrado]
	at PasswordTests.numbersOnlyPassword(PasswordTests.java:139)
	at java.base/java.util.ArrayList.forEach(ArrayList.java:1511)
	at Start.main(Start.java:14)
... Removed 29 stack frames</div></td></tr></table><p class="totop"><a href="#summary">back to summary</a></p>
<h3 id="m10">PasswordTests#passwordInvalidLength</h3><table class="result"><tr><th>Exception</th></tr><tr><td><div class="stacktrace">java.lang.AssertionError: did not expect [Usuario registrado] but found [Usuario registrado]
	at PasswordTests.passwordInvalidLength(PasswordTests.java:49)
	at java.base/java.util.ArrayList.forEach(ArrayList.java:1511)
	at Start.main(Start.java:14)
... Removed 29 stack frames</div></td></tr></table><p class="totop"><a href="#summary">back to summary</a></p>
<h3 id="m11">PasswordTests#upperCaseNumbersPassword</h3><table class="result"><tr><th>Exception</th></tr><tr><td><div class="stacktrace">java.lang.AssertionError: did not expect [Usuario registrado] but found [Usuario registrado]
	at PasswordTests.upperCaseNumbersPassword(PasswordTests.java:85)
	at java.base/java.util.ArrayList.forEach(ArrayList.java:1511)
	at Start.main(Start.java:14)
... Removed 29 stack frames</div></td></tr></table><p class="totop"><a href="#summary">back to summary</a></p>
<h3 id="m12">PasswordTests#validPassword</h3><table class="result"><tr><th class="invisible"/></tr></table><p class="totop"><a href="#summary">back to summary</a></p>
<h2>Products Tests</h2><h3 id="m13">ProductTests#emptyProductDecription</h3><table class="result"><tr><th>Exception</th></tr><tr><td><div class="stacktrace">java.lang.AssertionError: did not expect [Producto registrado] but found [Producto registrado]
	at ProductTests.emptyProductDecription(ProductTests.java:84)
	at java.base/java.util.ArrayList.forEach(ArrayList.java:1511)
	at Start.main(Start.java:14)
... Removed 29 stack frames</div></td></tr></table><p class="totop"><a href="#summary">back to summary</a></p>
<h3 id="m14">ProductTests#emptyProductName</h3><table class="result"><tr><th>Exception</th></tr><tr><td><div class="stacktrace">java.lang.AssertionError: did not expect [Producto registrado] but found [Producto registrado]
	at ProductTests.emptyProductName(ProductTests.java:58)
	at java.base/java.util.ArrayList.forEach(ArrayList.java:1511)
	at Start.main(Start.java:14)
... Removed 29 stack frames</div></td></tr></table><p class="totop"><a href="#summary">back to summary</a></p>
<h3 id="m15">ProductTests#validNewProduct</h3><table class="result"><tr><th class="invisible"/></tr></table><p class="totop"><a href="#summary">back to summary</a></p>
</body>
</html>
